[debug] [2018-04-26T18:02:34.702Z] ----------------------------------------------------------------------
[debug] [2018-04-26T18:02:34.705Z] Command:       C:\Program Files\nodejs\node.exe C:\Users\Ciber\AppData\Roaming\npm\node_modules\firebase-tools\bin\firebase deploy
[debug] [2018-04-26T18:02:34.705Z] CLI Version:   3.18.4
[debug] [2018-04-26T18:02:34.705Z] Platform:      win32
[debug] [2018-04-26T18:02:34.705Z] Node Version:  v8.11.1
[debug] [2018-04-26T18:02:34.705Z] Time:          Thu Apr 26 2018 21:02:34 GMT+0300 (RTZ 2 (зима))
[debug] [2018-04-26T18:02:34.705Z] ----------------------------------------------------------------------
[debug] 
[debug] [2018-04-26T18:02:34.718Z] > command requires scopes: ["email","openid","https://www.googleapis.com/auth/cloudplatformprojects.readonly","https://www.googleapis.com/auth/firebase","https://www.googleapis.com/auth/cloud-platform"]
[debug] [2018-04-26T18:02:34.719Z] > authorizing via signed-in user
[debug] [2018-04-26T18:02:34.720Z] > refreshing access token with scopes: ["email","https://www.googleapis.com/auth/cloud-platform","https://www.googleapis.com/auth/cloudplatformprojects.readonly","https://www.googleapis.com/auth/firebase","openid"]
[debug] [2018-04-26T18:02:34.721Z] >>> HTTP REQUEST POST https://www.googleapis.com/oauth2/v3/token  
 { refresh_token: '1/1cVtAPwmgHyx71FHjsRCH1mSWKHbrZyV4Bj3XK6V_WA',
  client_id: '563584335869-fgrhgmd47bqnekij5i8b5pr03ho849e6.apps.googleusercontent.com',
  client_secret: 'j9iVZfS8kkCEFUPaAeJV0sAi',
  grant_type: 'refresh_token',
  scope: 'email https://www.googleapis.com/auth/cloud-platform https://www.googleapis.com/auth/cloudplatformprojects.readonly https://www.googleapis.com/auth/firebase openid' } 
 Thu Apr 26 2018 21:02:34 GMT+0300 (RTZ 2 (зима))
[debug] [2018-04-26T18:02:34.916Z] <<< HTTP RESPONSE 200
[debug] [2018-04-26T18:02:34.925Z] >>> HTTP REQUEST GET https://admin.firebase.com/v1/projects/ciberus-site  
  
 Thu Apr 26 2018 21:02:34 GMT+0300 (RTZ 2 (зима))
[debug] [2018-04-26T18:02:35.775Z] <<< HTTP RESPONSE 200
[debug] [2018-04-26T18:02:35.776Z] >>> HTTP REQUEST GET https://admin.firebase.com/v1/database/ciberus-site/tokens  
  
 Thu Apr 26 2018 21:02:35 GMT+0300 (RTZ 2 (зима))
[debug] [2018-04-26T18:02:36.535Z] <<< HTTP RESPONSE 200
[debug] [2018-04-29T16:37:19.773Z] ----------------------------------------------------------------------
[debug] [2018-04-29T16:37:19.776Z] Command:       C:\Program Files\nodejs\node.exe C:\Users\Ciber\AppData\Roaming\npm\node_modules\firebase-tools\bin\firebase deploy
[debug] [2018-04-29T16:37:19.776Z] CLI Version:   3.18.4
[debug] [2018-04-29T16:37:19.776Z] Platform:      win32
[debug] [2018-04-29T16:37:19.776Z] Node Version:  v8.11.1
[debug] [2018-04-29T16:37:19.776Z] Time:          Sun Apr 29 2018 19:37:19 GMT+0300 (RTZ 2 (зима))
[debug] [2018-04-29T16:37:19.776Z] ----------------------------------------------------------------------
[debug] 
[debug] [2018-04-29T16:37:19.795Z] > command requires scopes: ["email","openid","https://www.googleapis.com/auth/cloudplatformprojects.readonly","https://www.googleapis.com/auth/firebase","https://www.googleapis.com/auth/cloud-platform"]
[debug] [2018-04-29T16:37:19.796Z] > authorizing via signed-in user
[debug] [2018-04-29T16:37:19.798Z] > refreshing access token with scopes: ["email","https://www.googleapis.com/auth/cloud-platform","https://www.googleapis.com/auth/cloudplatformprojects.readonly","https://www.googleapis.com/auth/firebase","openid"]
[debug] [2018-04-29T16:37:19.798Z] >>> HTTP REQUEST POST https://www.googleapis.com/oauth2/v3/token  
 { refresh_token: '1/1cVtAPwmgHyx71FHjsRCH1mSWKHbrZyV4Bj3XK6V_WA',
  client_id: '563584335869-fgrhgmd47bqnekij5i8b5pr03ho849e6.apps.googleusercontent.com',
  client_secret: 'j9iVZfS8kkCEFUPaAeJV0sAi',
  grant_type: 'refresh_token',
  scope: 'email https://www.googleapis.com/auth/cloud-platform https://www.googleapis.com/auth/cloudplatformprojects.readonly https://www.googleapis.com/auth/firebase openid' } 
 Sun Apr 29 2018 19:37:19 GMT+0300 (RTZ 2 (зима))
[debug] [2018-04-29T16:37:20.003Z] <<< HTTP RESPONSE 200
[debug] [2018-04-29T16:37:20.009Z] >>> HTTP REQUEST GET https://admin.firebase.com/v1/projects/ciberus-site  
  
 Sun Apr 29 2018 19:37:20 GMT+0300 (RTZ 2 (зима))
[debug] [2018-04-29T16:37:20.852Z] <<< HTTP RESPONSE 200
[debug] [2018-04-29T16:37:20.853Z] >>> HTTP REQUEST GET https://admin.firebase.com/v1/database/ciberus-site/tokens  
  
 Sun Apr 29 2018 19:37:20 GMT+0300 (RTZ 2 (зима))
[debug] [2018-04-29T16:37:21.551Z] <<< HTTP RESPONSE 200
[debug] [2018-04-29T16:58:53.797Z] ----------------------------------------------------------------------
[debug] [2018-04-29T16:58:53.800Z] Command:       C:\Program Files\nodejs\node.exe C:\Users\Ciber\AppData\Roaming\npm\node_modules\firebase-tools\bin\firebase deploy
[debug] [2018-04-29T16:58:53.800Z] CLI Version:   3.18.4
[debug] [2018-04-29T16:58:53.800Z] Platform:      win32
[debug] [2018-04-29T16:58:53.800Z] Node Version:  v8.11.1
[debug] [2018-04-29T16:58:53.801Z] Time:          Sun Apr 29 2018 19:58:53 GMT+0300 (RTZ 2 (зима))
[debug] [2018-04-29T16:58:53.801Z] ----------------------------------------------------------------------
[debug] 
[debug] [2018-04-29T16:58:53.817Z] > command requires scopes: ["email","openid","https://www.googleapis.com/auth/cloudplatformprojects.readonly","https://www.googleapis.com/auth/firebase","https://www.googleapis.com/auth/cloud-platform"]
[debug] [2018-04-29T16:58:53.818Z] > authorizing via signed-in user
[debug] [2018-04-29T16:58:53.820Z] >>> HTTP REQUEST GET https://admin.firebase.com/v1/projects/ciberus-site  
  
 Sun Apr 29 2018 19:58:53 GMT+0300 (RTZ 2 (зима))
[debug] [2018-04-29T16:58:54.740Z] <<< HTTP RESPONSE 200
[debug] [2018-04-29T16:58:54.740Z] >>> HTTP REQUEST GET https://admin.firebase.com/v1/database/ciberus-site/tokens  
  
 Sun Apr 29 2018 19:58:54 GMT+0300 (RTZ 2 (зима))
[debug] [2018-04-29T16:58:55.504Z] <<< HTTP RESPONSE 200
[debug] [2018-04-29T17:14:08.679Z] ----------------------------------------------------------------------
[debug] [2018-04-29T17:14:08.681Z] Command:       C:\Program Files\nodejs\node.exe C:\Users\Ciber\AppData\Roaming\npm\node_modules\firebase-tools\bin\firebase deploy
[debug] [2018-04-29T17:14:08.681Z] CLI Version:   3.18.4
[debug] [2018-04-29T17:14:08.681Z] Platform:      win32
[debug] [2018-04-29T17:14:08.681Z] Node Version:  v8.11.1
[debug] [2018-04-29T17:14:08.682Z] Time:          Sun Apr 29 2018 20:14:08 GMT+0300 (RTZ 2 (зима))
[debug] [2018-04-29T17:14:08.682Z] ----------------------------------------------------------------------
[debug] 
[debug] [2018-04-29T17:14:08.695Z] > command requires scopes: ["email","openid","https://www.googleapis.com/auth/cloudplatformprojects.readonly","https://www.googleapis.com/auth/firebase","https://www.googleapis.com/auth/cloud-platform"]
[debug] [2018-04-29T17:14:08.696Z] > authorizing via signed-in user
[debug] [2018-04-29T17:14:08.698Z] >>> HTTP REQUEST GET https://admin.firebase.com/v1/projects/ciberus-site  
  
 Sun Apr 29 2018 20:14:08 GMT+0300 (RTZ 2 (зима))
[debug] [2018-04-29T17:14:09.538Z] <<< HTTP RESPONSE 200
[debug] [2018-04-29T17:14:09.539Z] >>> HTTP REQUEST GET https://admin.firebase.com/v1/database/ciberus-site/tokens  
  
 Sun Apr 29 2018 20:14:09 GMT+0300 (RTZ 2 (зима))
[debug] [2018-04-29T17:14:10.220Z] <<< HTTP RESPONSE 200
[debug] [2018-04-29T17:24:39.626Z] ----------------------------------------------------------------------
[debug] [2018-04-29T17:24:39.629Z] Command:       C:\Program Files\nodejs\node.exe C:\Users\Ciber\AppData\Roaming\npm\node_modules\firebase-tools\bin\firebase deploy
[debug] [2018-04-29T17:24:39.629Z] CLI Version:   3.18.4
[debug] [2018-04-29T17:24:39.629Z] Platform:      win32
[debug] [2018-04-29T17:24:39.629Z] Node Version:  v8.11.1
[debug] [2018-04-29T17:24:39.629Z] Time:          Sun Apr 29 2018 20:24:39 GMT+0300 (RTZ 2 (зима))
[debug] [2018-04-29T17:24:39.629Z] ----------------------------------------------------------------------
[debug] 
[debug] [2018-04-29T17:24:39.641Z] > command requires scopes: ["email","openid","https://www.googleapis.com/auth/cloudplatformprojects.readonly","https://www.googleapis.com/auth/firebase","https://www.googleapis.com/auth/cloud-platform"]
[debug] [2018-04-29T17:24:39.642Z] > authorizing via signed-in user
[debug] [2018-04-29T17:24:39.644Z] > refreshing access token with scopes: ["email","https://www.googleapis.com/auth/cloud-platform","https://www.googleapis.com/auth/cloudplatformprojects.readonly","https://www.googleapis.com/auth/firebase","openid"]
[debug] [2018-04-29T17:24:39.644Z] >>> HTTP REQUEST POST https://www.googleapis.com/oauth2/v3/token  
 { refresh_token: '1/1cVtAPwmgHyx71FHjsRCH1mSWKHbrZyV4Bj3XK6V_WA',
  client_id: '563584335869-fgrhgmd47bqnekij5i8b5pr03ho849e6.apps.googleusercontent.com',
  client_secret: 'j9iVZfS8kkCEFUPaAeJV0sAi',
  grant_type: 'refresh_token',
  scope: 'email https://www.googleapis.com/auth/cloud-platform https://www.googleapis.com/auth/cloudplatformprojects.readonly https://www.googleapis.com/auth/firebase openid' } 
 Sun Apr 29 2018 20:24:39 GMT+0300 (RTZ 2 (зима))
[debug] [2018-04-29T17:24:51.817Z] <<< HTTP RESPONSE 200
[debug] [2018-04-29T17:24:51.824Z] >>> HTTP REQUEST GET https://admin.firebase.com/v1/projects/ciberus-site  
  
 Sun Apr 29 2018 20:24:51 GMT+0300 (RTZ 2 (зима))
[debug] [2018-04-29T17:24:52.645Z] <<< HTTP RESPONSE 200
[debug] [2018-04-29T17:24:52.646Z] >>> HTTP REQUEST GET https://admin.firebase.com/v1/database/ciberus-site/tokens  
  
 Sun Apr 29 2018 20:24:52 GMT+0300 (RTZ 2 (зима))
[debug] [2018-04-29T17:24:53.316Z] <<< HTTP RESPONSE 200
